1618651146897	geckodriver	INFO	Listening on 127.0.0.1:62535
1618651150022	mozrunner::runner	INFO	Running command: "C:\\Program Files (x86)\\Mozilla Firefox\\firefox.exe" "--marionette" "-foreground" "-no-remote" "-profile" "C:\\Users\\kalmazan\\AppData\\Local\\Temp\\rust_mozprofileUvQD5S"
console.warn: SearchSettings: "get: No settings file exists, new profile?" (new Error("", "(unknown module)"))
1618651155096	Marionette	INFO	Listening on port 62553
1618651155597	Marionette	WARN	TLS certificate errors will be ignored for this session
SourceActor threw an exception: [Exception... "Failed to open input source 'file:///'"  nsresult: "0x80004005 (NS_ERROR_FAILURE)"  location: "JS frame :: resource://devtools/shared/DevToolsUtils.js :: mainThreadFetch/< :: line 670"  data: yes]
Stack: mainThreadFetch/<@resource://devtools/shared/DevToolsUtils.js:670:15
mainThreadFetch@resource://devtools/shared/DevToolsUtils.js:516:10
_fetchURLContents@resource://devtools/server/actors/utils/sources-manager.js:439:22
urlContents@resource://devtools/server/actors/utils/sources-manager.js:406:17
_resurrectSource@resource://devtools/server/actors/thread.js:2156:35
addAllSources@resource://devtools/server/actors/thread.js:1509:14
watch@resource://devtools/server/actors/resources/sources.js:52:17
watchResources@resource://devtools/server/actors/resources/index.js:214:19
_watchTargetResources@resource://devtools/server/actors/targets/target-actor-mixin.js:97:24
addWatcherDataEntry@resource://devtools/server/actors/targets/target-actor-mixin.js:34:20
_addWatcherDataEntry@resource://devtools/server/connectors/js-window-actor/DevToolsFrameChild.jsm:412:24
receiveMessage@resource://devtools/server/connectors/js-window-actor/DevToolsFrameChild.jsm:354:21
Line: 670, column: 0
console.error: ({})
JavaScript error: resource://devtools/shared/DevToolsUtils.js, line 670: NS_ERROR_FAILURE: Failed to open input source 'file:///'
1618651325561	Marionette	INFO	Stopped listening on port 62553

###!!! [Child][RunMessage] Error: Channel closing: too late to send/recv, messages will be lost

